{"/home/junior/Documentos/React Native/weatherapp/src/App.tsx": {"path":"/home/junior/Documentos/React Native/weatherapp/src/App.tsx","statementMap":{"0":{"start":{"line":6,"column":2},"end":{"line":10,"column":4}}},"fnMap":{"0":{"name":"App","decl":{"start":{"line":5,"column":24},"end":{"line":5,"column":27}},"loc":{"start":{"line":5,"column":30},"end":{"line":11,"column":1}},"line":5}},"branchMap":{},"s":{"0":1},"f":{"0":1},"b":{},"_coverageSchema":"1a1c01bbd47fc00a2c39e90264f33305004495a9","hash":"0b20bddc0ee5107799f328c619539f7006982e7c"}
,"/home/junior/Documentos/React Native/weatherapp/src/pages/HomeScreen.tsx": {"path":"/home/junior/Documentos/React Native/weatherapp/src/pages/HomeScreen.tsx","statementMap":{"0":{"start":{"line":4,"column":19},"end":{"line":6,"column":1}},"1":{"start":{"line":5,"column":4},"end":{"line":5,"column":41}}},"fnMap":{"0":{"name":"(anonymous_0)","decl":{"start":{"line":4,"column":19},"end":{"line":4,"column":20}},"loc":{"start":{"line":4,"column":25},"end":{"line":6,"column":1}},"line":4}},"branchMap":{},"s":{"0":2,"1":2},"f":{"0":2},"b":{},"_coverageSchema":"1a1c01bbd47fc00a2c39e90264f33305004495a9","hash":"eda2b0e1d924627c99740a45be49ab26cbb6f059"}
,"/home/junior/Documentos/React Native/weatherapp/src/pages/index.ts": {"path":"/home/junior/Documentos/React Native/weatherapp/src/pages/index.ts","statementMap":{},"fnMap":{},"branchMap":{},"s":{},"f":{},"b":{},"_coverageSchema":"1a1c01bbd47fc00a2c39e90264f33305004495a9","hash":"3a386f45394873063311a0e729f58b4e0b45e0af"}
,"/home/junior/Documentos/React Native/weatherapp/src/utils/PureFunctions.ts": {"path":"/home/junior/Documentos/React Native/weatherapp/src/utils/PureFunctions.ts","statementMap":{"0":{"start":{"line":2,"column":4},"end":{"line":2,"column":17}}},"fnMap":{"0":{"name":"addingNumbers","decl":{"start":{"line":1,"column":9},"end":{"line":1,"column":22}},"loc":{"start":{"line":1,"column":45},"end":{"line":3,"column":1}},"line":1}},"branchMap":{},"s":{"0":1},"f":{"0":1},"b":{},"_coverageSchema":"1a1c01bbd47fc00a2c39e90264f33305004495a9","hash":"f00ac228a73d0ceeb69c3a6d158cb61e203b5ca7"}
}
