TN:
SF:src/App.tsx
FN:4,(anonymous_0)
FNF:1
FNH:1
FNDA:1,(anonymous_0)
DA:4,1
DA:5,1
LF:2
LH:2
BRF:0
BRH:0
end_of_record
TN:
SF:src/components/index.ts
FNF:0
FNH:0
LF:0
LH:0
BRF:0
BRH:0
end_of_record
TN:
SF:src/components/Button/Button.tsx
FN:18,(anonymous_0)
FNF:1
FNH:1
FNDA:18,(anonymous_0)
DA:18,4
DA:25,18
DA:49,4
LF:3
LH:3
BRDA:31,0,0,5
BRDA:31,0,1,13
BRF:2
BRH:2
end_of_record
TN:
SF:src/components/WeatherCoordinates/WeatherCoordinates.tsx
FN:4,(anonymous_0)
FNF:1
FNH:1
FNDA:1,(anonymous_0)
DA:4,3
DA:5,1
LF:2
LH:2
BRF:0
BRH:0
end_of_record
TN:
SF:src/components/WeatherCurrent/WeatherCurrent.tsx
FN:6,(anonymous_0)
FN:10,(anonymous_1)
FNF:2
FNH:2
FNDA:13,(anonymous_0)
FNDA:4,(anonymous_1)
DA:6,2
DA:7,13
DA:8,13
DA:10,13
DA:11,4
DA:12,4
DA:13,4
DA:14,2
DA:17,3
DA:20,13
LF:10
LH:10
BRF:0
BRH:0
end_of_record
TN:
SF:src/pages/index.ts
FNF:0
FNH:0
LF:0
LH:0
BRF:0
BRH:0
end_of_record
TN:
SF:src/pages/AppRouter/AppRouter.tsx
FN:15,(anonymous_0)
FNF:1
FNH:1
FNDA:2,(anonymous_0)
DA:13,1
DA:15,1
DA:16,2
LF:3
LH:3
BRF:0
BRH:0
end_of_record
TN:
SF:src/pages/HomeScreen/HomeScreen.tsx
FN:10,(anonymous_0)
FNF:1
FNH:1
FNDA:6,(anonymous_0)
DA:10,2
DA:11,6
DA:12,6
DA:35,2
LF:4
LH:4
BRF:0
BRH:0
end_of_record
TN:
SF:src/pages/WeatherScreen/WeatherScreen.tsx
FN:4,(anonymous_0)
FNF:1
FNH:1
FNDA:1,(anonymous_0)
DA:4,2
DA:5,1
LF:2
LH:2
BRF:0
BRH:0
end_of_record
TN:
SF:src/services/LocationService.ts
FN:4,(anonymous_0)
FN:8,(anonymous_1)
FNF:2
FNH:2
FNDA:3,(anonymous_0)
FNDA:3,(anonymous_1)
DA:5,3
DA:8,3
LF:2
LH:2
BRF:0
BRH:0
end_of_record
TN:
SF:src/utils/constants.ts
FNF:0
FNH:0
LF:0
LH:0
BRF:0
BRH:0
end_of_record
