TN:
SF:src/App.tsx
FN:4,(anonymous_0)
FNF:1
FNH:1
FNDA:1,(anonymous_0)
DA:4,1
DA:5,1
LF:2
LH:2
BRF:0
BRH:0
end_of_record
TN:
SF:src/components/Button.tsx
FN:18,(anonymous_0)
FNF:1
FNH:1
FNDA:8,(anonymous_0)
DA:18,2
DA:25,8
DA:49,2
LF:3
LH:3
BRDA:31,0,0,1
BRDA:31,0,1,7
BRF:2
BRH:2
end_of_record
TN:
SF:src/components/WeatherCoordinates.tsx
FN:4,(anonymous_0)
FNF:1
FNH:1
FNDA:1,(anonymous_0)
DA:4,1
DA:5,1
LF:2
LH:2
BRF:0
BRH:0
end_of_record
TN:
SF:src/components/WeatherCurrent.tsx
FN:6,(anonymous_0)
FN:9,(anonymous_1)
FNF:2
FNH:2
FNDA:3,(anonymous_0)
FNDA:1,(anonymous_1)
DA:6,1
DA:7,3
DA:9,3
DA:10,1
DA:11,1
DA:14,3
LF:6
LH:6
BRF:0
BRH:0
end_of_record
TN:
SF:src/pages/AppRouter.tsx
FN:15,(anonymous_0)
FNF:1
FNH:1
FNDA:2,(anonymous_0)
DA:13,1
DA:15,1
DA:16,2
LF:3
LH:3
BRF:0
BRH:0
end_of_record
TN:
SF:src/pages/HomeScreen.tsx
FN:10,(anonymous_0)
FNF:1
FNH:1
FNDA:6,(anonymous_0)
DA:10,1
DA:11,6
DA:12,6
DA:35,1
LF:4
LH:4
BRF:0
BRH:0
end_of_record
TN:
SF:src/pages/WeatherScreen.tsx
FN:4,(anonymous_0)
FNF:1
FNH:1
FNDA:1,(anonymous_0)
DA:4,1
DA:5,1
LF:2
LH:2
BRF:0
BRH:0
end_of_record
TN:
SF:src/services/LocationService.ts
FN:4,(anonymous_0)
FN:8,(anonymous_1)
FNF:2
FNH:2
FNDA:2,(anonymous_0)
FNDA:2,(anonymous_1)
DA:5,2
DA:8,2
LF:2
LH:2
BRF:0
BRH:0
end_of_record
TN:
SF:src/utils/constants.ts
FNF:0
FNH:0
LF:0
LH:0
BRF:0
BRH:0
end_of_record
